#
# There is insufficient memory for the Java Runtime Environment to continue.
# Native memory allocation (mmap) failed to map 358088704 bytes for committing reserved memory.
# Possible reasons:
#   The system is out of physical RAM or swap space
#   In 32 bit mode, the process size limit was hit
# Possible solutions:
#   Reduce memory load on the system
#   Increase physical memory or swap space
#   Check if swap backing store is full
#   Use 64 bit Java on a 64 bit OS
#   Decrease Java heap size (-Xmx/-Xms)
#   Decrease number of Java threads
#   Decrease Java thread stack sizes (-Xss)
#   Set larger code cache with -XX:ReservedCodeCacheSize=
# This output file may be truncated or incomplete.
#
#  Out of Memory Error (os_linux.cpp:2627), pid=7950, tid=0x00007fb49cdff700
#
# JRE version:  (8.0_111-b14) (build )
# Java VM: Java HotSpot(TM) 64-Bit Server VM (25.111-b14 mixed mode linux-amd64 compressed oops)
# Failed to write core dump. Core dumps have been disabled. To enable core dumping, try "ulimit -c unlimited" before starting Java again
#

---------------  T H R E A D  ---------------

Current thread (0x00007fb494009800):  JavaThread "Unknown thread" [_thread_in_vm, id=7955, stack(0x00007fb49ccff000,0x00007fb49ce00000)]

Stack: [0x00007fb49ccff000,0x00007fb49ce00000],  sp=0x00007fb49cdfe3c0,  free space=1020k
Native frames: (J=compiled Java code, j=interpreted, Vv=VM code, C=native code)
V  [libjvm.so+0xac5c2a]  VMError::report_and_die()+0x2ba
V  [libjvm.so+0x4fc50b]  report_vm_out_of_memory(char const*, int, unsigned long, VMErrorType, char const*)+0x8b
V  [libjvm.so+0x922ae3]  os::Linux::commit_memory_impl(char*, unsigned long, bool)+0x103
V  [libjvm.so+0x923039]  os::pd_commit_memory(char*, unsigned long, unsigned long, bool)+0x29
V  [libjvm.so+0x91d33a]  os::commit_memory(char*, unsigned long, unsigned long, bool)+0x2a
V  [libjvm.so+0x991ac3]  PSVirtualSpace::expand_by(unsigned long)+0x53
V  [libjvm.so+0x981bd7]  PSOldGen::initialize(ReservedSpace, unsigned long, char const*, int)+0xb7
V  [libjvm.so+0x2d88ea]  AdjoiningGenerations::AdjoiningGenerations(ReservedSpace, GenerationSizer*, unsigned long)+0x39a
V  [libjvm.so+0x945e96]  ParallelScavengeHeap::initialize()+0x1d6
V  [libjvm.so+0xa8dd53]  Universe::initialize_heap()+0xf3
V  [libjvm.so+0xa8e2be]  universe_init()+0x3e
V  [libjvm.so+0x63c925]  init_globals()+0x65
V  [libjvm.so+0xa719be]  Threads::create_vm(JavaVMInitArgs*, bool*)+0x23e
V  [libjvm.so+0x6d11c4]  JNI_CreateJavaVM+0x74
C  [libjli.so+0x745e]  JavaMain+0x9e
C  [libpthread.so.0+0x76fa]  start_thread+0xca


---------------  P R O C E S S  ---------------

Java Threads: ( => current thread )

Other Threads:

=>0x00007fb494009800 (exited) JavaThread "Unknown thread" [_thread_in_vm, id=7955, stack(0x00007fb49ccff000,0x00007fb49ce00000)]

VM state:not at safepoint (not fully initialized)

VM Mutex/Monitor currently owned by a thread: None

GC Heap History (0 events):
No events

Deoptimization events (0 events):
No events

Internal exceptions (0 events):
No events

Events (0 events):
No events


Dynamic libraries:
00400000-00401000 r-xp 00000000 08:05 1325376                            /opt/jdk/bin/java
00600000-00601000 rw-p 00000000 08:05 1325376                            /opt/jdk/bin/java
00aa2000-00ac3000 rw-p 00000000 00:00 0                                  [heap]
d5580000-eab00000 ---p 00000000 00:00 0 
eab00000-f5580000 rw-p 00000000 00:00 0 
f5580000-100000000 ---p 00000000 00:00 0 
7fb485000000-7fb485270000 rwxp 00000000 00:00 0 
7fb485270000-7fb494000000 ---p 00000000 00:00 0 
7fb494000000-7fb494034000 rw-p 00000000 00:00 0 
7fb494034000-7fb498000000 ---p 00000000 00:00 0 
7fb499622000-7fb4998a9000 rw-p 00000000 00:00 0 
7fb4998a9000-7fb4999fe000 ---p 00000000 00:00 0 
7fb4999fe000-7fb499a54000 rw-p 00000000 00:00 0 
7fb499a54000-7fb499aa9000 ---p 00000000 00:00 0 
7fb499aa9000-7fb499ab4000 rw-p 00000000 00:00 0 
7fb499ab4000-7fb499e6a000 ---p 00000000 00:00 0 
7fb499e6a000-7fb499e84000 r-xp 00000000 08:05 1325596                    /opt/jdk/jre/lib/amd64/libzip.so
7fb499e84000-7fb49a084000 ---p 0001a000 08:05 1325596                    /opt/jdk/jre/lib/amd64/libzip.so
7fb49a084000-7fb49a085000 rw-p 0001a000 08:05 1325596                    /opt/jdk/jre/lib/amd64/libzip.so
7fb49a085000-7fb49a090000 r-xp 00000000 08:05 1315737                    /lib/x86_64-linux-gnu/libnss_files-2.23.so
7fb49a090000-7fb49a28f000 ---p 0000b000 08:05 1315737                    /lib/x86_64-linux-gnu/libnss_files-2.23.so
7fb49a28f000-7fb49a290000 r--p 0000a000 08:05 1315737                    /lib/x86_64-linux-gnu/libnss_files-2.23.so
7fb49a290000-7fb49a291000 rw-p 0000b000 08:05 1315737                    /lib/x86_64-linux-gnu/libnss_files-2.23.so
7fb49a291000-7fb49a297000 rw-p 00000000 00:00 0 
7fb49a297000-7fb49a2a2000 r-xp 00000000 08:05 1315747                    /lib/x86_64-linux-gnu/libnss_nis-2.23.so
7fb49a2a2000-7fb49a4a1000 ---p 0000b000 08:05 1315747                    /lib/x86_64-linux-gnu/libnss_nis-2.23.so
7fb49a4a1000-7fb49a4a2000 r--p 0000a000 08:05 1315747                    /lib/x86_64-linux-gnu/libnss_nis-2.23.so
7fb49a4a2000-7fb49a4a3000 rw-p 0000b000 08:05 1315747                    /lib/x86_64-linux-gnu/libnss_nis-2.23.so
7fb49a4a3000-7fb49a4b9000 r-xp 00000000 08:05 1315731                    /lib/x86_64-linux-gnu/libnsl-2.23.so
7fb49a4b9000-7fb49a6b8000 ---p 00016000 08:05 1315731                    /lib/x86_64-linux-gnu/libnsl-2.23.so
7fb49a6b8000-7fb49a6b9000 r--p 00015000 08:05 1315731                    /lib/x86_64-linux-gnu/libnsl-2.23.so
7fb49a6b9000-7fb49a6ba000 rw-p 00016000 08:05 1315731                    /lib/x86_64-linux-gnu/libnsl-2.23.so
7fb49a6ba000-7fb49a6bc000 rw-p 00000000 00:00 0 
7fb49a6bc000-7fb49a6c4000 r-xp 00000000 08:05 1315733                    /lib/x86_64-linux-gnu/libnss_compat-2.23.so
7fb49a6c4000-7fb49a8c3000 ---p 00008000 08:05 1315733                    /lib/x86_64-linux-gnu/libnss_compat-2.23.so
7fb49a8c3000-7fb49a8c4000 r--p 00007000 08:05 1315733                    /lib/x86_64-linux-gnu/libnss_compat-2.23.so
7fb49a8c4000-7fb49a8c5000 rw-p 00008000 08:05 1315733                    /lib/x86_64-linux-gnu/libnss_compat-2.23.so
7fb49a8c5000-7fb49a8f0000 r-xp 00000000 08:05 1325657                    /opt/jdk/jre/lib/amd64/libjava.so
7fb49a8f0000-7fb49aaef000 ---p 0002b000 08:05 1325657                    /opt/jdk/jre/lib/amd64/libjava.so
7fb49aaef000-7fb49aaf1000 rw-p 0002a000 08:05 1325657                    /opt/jdk/jre/lib/amd64/libjava.so
7fb49aaf1000-7fb49aafe000 r-xp 00000000 08:05 1325549                    /opt/jdk/jre/lib/amd64/libverify.so
7fb49aafe000-7fb49acfd000 ---p 0000d000 08:05 1325549                    /opt/jdk/jre/lib/amd64/libverify.so
7fb49acfd000-7fb49acff000 rw-p 0000c000 08:05 1325549                    /opt/jdk/jre/lib/amd64/libverify.so
7fb49acff000-7fb49ad06000 r-xp 00000000 08:05 1315792                    /lib/x86_64-linux-gnu/librt-2.23.so
7fb49ad06000-7fb49af05000 ---p 00007000 08:05 1315792                    /lib/x86_64-linux-gnu/librt-2.23.so
7fb49af05000-7fb49af06000 r--p 00006000 08:05 1315792                    /lib/x86_64-linux-gnu/librt-2.23.so
7fb49af06000-7fb49af07000 rw-p 00007000 08:05 1315792                    /lib/x86_64-linux-gnu/librt-2.23.so
7fb49af07000-7fb49b00f000 r-xp 00000000 08:05 1315708                    /lib/x86_64-linux-gnu/libm-2.23.so
7fb49b00f000-7fb49b20e000 ---p 00108000 08:05 1315708                    /lib/x86_64-linux-gnu/libm-2.23.so
7fb49b20e000-7fb49b20f000 r--p 00107000 08:05 1315708                    /lib/x86_64-linux-gnu/libm-2.23.so
7fb49b20f000-7fb49b210000 rw-p 00108000 08:05 1315708                    /lib/x86_64-linux-gnu/libm-2.23.so
7fb49b210000-7fb49bedd000 r-xp 00000000 08:05 1325721                    /opt/jdk/jre/lib/amd64/server/libjvm.so
7fb49bedd000-7fb49c0dc000 ---p 00ccd000 08:05 1325721                    /opt/jdk/jre/lib/amd64/server/libjvm.so
7fb49c0dc000-7fb49c1b5000 rw-p 00ccc000 08:05 1325721                    /opt/jdk/jre/lib/amd64/server/libjvm.so
7fb49c1b5000-7fb49c200000 rw-p 00000000 00:00 0 
7fb49c200000-7fb49c3c0000 r-xp 00000000 08:05 1315638                    /lib/x86_64-linux-gnu/libc-2.23.so
7fb49c3c0000-7fb49c5bf000 ---p 001c0000 08:05 1315638                    /lib/x86_64-linux-gnu/libc-2.23.so
7fb49c5bf000-7fb49c5c3000 r--p 001bf000 08:05 1315638                    /lib/x86_64-linux-gnu/libc-2.23.so
7fb49c5c3000-7fb49c5c5000 rw-p 001c3000 08:05 1315638                    /lib/x86_64-linux-gnu/libc-2.23.so
7fb49c5c5000-7fb49c5c9000 rw-p 00000000 00:00 0 
7fb49c5c9000-7fb49c5cc000 r-xp 00000000 08:05 1315662                    /lib/x86_64-linux-gnu/libdl-2.23.so
7fb49c5cc000-7fb49c7cb000 ---p 00003000 08:05 1315662                    /lib/x86_64-linux-gnu/libdl-2.23.so
7fb49c7cb000-7fb49c7cc000 r--p 00002000 08:05 1315662                    /lib/x86_64-linux-gnu/libdl-2.23.so
7fb49c7cc000-7fb49c7cd000 rw-p 00003000 08:05 1315662                    /lib/x86_64-linux-gnu/libdl-2.23.so
7fb49c7cd000-7fb49c7e2000 r-xp 00000000 08:05 1322410                    /opt/jdk/lib/amd64/jli/libjli.so
7fb49c7e2000-7fb49c9e2000 ---p 00015000 08:05 1322410                    /opt/jdk/lib/amd64/jli/libjli.so
7fb49c9e2000-7fb49c9e3000 rw-p 00015000 08:05 1322410                    /opt/jdk/lib/amd64/jli/libjli.so
7fb49c9e3000-7fb49c9fb000 r-xp 00000000 08:05 1315784                    /lib/x86_64-linux-gnu/libpthread-2.23.so
7fb49c9fb000-7fb49cbfa000 ---p 00018000 08:05 1315784                    /lib/x86_64-linux-gnu/libpthread-2.23.so
7fb49cbfa000-7fb49cbfb000 r--p 00017000 08:05 1315784                    /lib/x86_64-linux-gnu/libpthread-2.23.so
7fb49cbfb000-7fb49cbfc000 rw-p 00018000 08:05 1315784                    /lib/x86_64-linux-gnu/libpthread-2.23.so
7fb49cbfc000-7fb49cc00000 rw-p 00000000 00:00 0 
7fb49cc00000-7fb49cc26000 r-xp 00000000 08:05 1315610                    /lib/x86_64-linux-gnu/ld-2.23.so
7fb49ccff000-7fb49cd02000 ---p 00000000 00:00 0 
7fb49cd02000-7fb49ce04000 rw-p 00000000 00:00 0 
7fb49ce19000-7fb49ce21000 rw-s 00000000 08:05 2771879                    /tmp/hsperfdata_david/7950
7fb49ce21000-7fb49ce22000 rw-p 00000000 00:00 0 
7fb49ce22000-7fb49ce23000 r--p 00000000 00:00 0 
7fb49ce23000-7fb49ce25000 rw-p 00000000 00:00 0 
7fb49ce25000-7fb49ce26000 r--p 00025000 08:05 1315610                    /lib/x86_64-linux-gnu/ld-2.23.so
7fb49ce26000-7fb49ce27000 rw-p 00026000 08:05 1315610                    /lib/x86_64-linux-gnu/ld-2.23.so
7fb49ce27000-7fb49ce28000 rw-p 00000000 00:00 0 
7fff2cc90000-7fff2ccb2000 rw-p 00000000 00:00 0                          [stack]
7fff2ccd9000-7fff2ccdb000 r--p 00000000 00:00 0                          [vvar]
7fff2ccdb000-7fff2ccdd000 r-xp 00000000 00:00 0                          [vdso]
ffffffffff600000-ffffffffff601000 r-xp 00000000 00:00 0                  [vsyscall]

VM Arguments:
jvm_args: -Xms512m -Xmx1024m -Djava.util.Arrays.useLegacyMergeSort=true -Dclassworlds.conf=/opt/maven/bin/m2.conf -Dmaven.home=/opt/maven 
java_command: org.codehaus.plexus.classworlds.launcher.Launcher clean install sakai:deploy -Dmaven.tomcat.home=/opt/tomcat -Dsakai.home=/opt/tomcat/sakai -Djava.net.preferIPv4Stack=true -Dmaven.test.skip=true
java_class_path (initial): /opt/maven/boot/plexus-classworlds-2.5.1.jar
Launcher Type: SUN_STANDARD

Environment Variables:
JAVA_HOME=/opt/jdk
PATH=/opt/jdk/bin:/usr/local/sbin:/usr/local/bin:/usr/sbin:/usr/bin:/sbin:/bin:/usr/games:/usr/local/games:/snap/bin:/opt/maven/bin:/opt/jdk/bin:/usr/local/sbin:/usr/local/bin:/usr/sbin:/usr/bin:/sbin:/bin:/usr/games:/usr/local/games:/snap/bin
SHELL=/bin/bash
DISPLAY=:0

Signal Handlers:
SIGSEGV: [libjvm.so+0xac64b0], sa_mask[0]=11111111011111111101111111111110, sa_flags=SA_RESTART|SA_SIGINFO
SIGBUS: [libjvm.so+0xac64b0], sa_mask[0]=11111111011111111101111111111110, sa_flags=SA_RESTART|SA_SIGINFO
SIGFPE: [libjvm.so+0x91f950], sa_mask[0]=11111111011111111101111111111110, sa_flags=SA_RESTART|SA_SIGINFO
SIGPIPE: [libjvm.so+0x91f950], sa_mask[0]=11111111011111111101111111111110, sa_flags=SA_RESTART|SA_SIGINFO
SIGXFSZ: [libjvm.so+0x91f950], sa_mask[0]=11111111011111111101111111111110, sa_flags=SA_RESTART|SA_SIGINFO
SIGILL: [libjvm.so+0x91f950], sa_mask[0]=11111111011111111101111111111110, sa_flags=SA_RESTART|SA_SIGINFO
SIGUSR1: SIG_DFL, sa_mask[0]=00000000000000000000000000000000, sa_flags=none
SIGUSR2: [libjvm.so+0x920f80], sa_mask[0]=00000000000000000000000000000000, sa_flags=SA_RESTART|SA_SIGINFO
SIGHUP: SIG_DFL, sa_mask[0]=00000000000000000000000000000000, sa_flags=none
SIGINT: SIG_DFL, sa_mask[0]=00000000000000000000000000000000, sa_flags=none
SIGTERM: SIG_DFL, sa_mask[0]=00000000000000000000000000000000, sa_flags=none
SIGQUIT: SIG_DFL, sa_mask[0]=00000000000000000000000000000000, sa_flags=none


---------------  S Y S T E M  ---------------

OS:DISTRIB_ID=Ubuntu
DISTRIB_RELEASE=16.04
DISTRIB_CODENAME=xenial
DISTRIB_DESCRIPTION="Ubuntu 16.04 LTS"

uname:Linux 4.4.0-59-generic #80-Ubuntu SMP Fri Jan 6 17:47:47 UTC 2017 x86_64
libc:glibc 2.23 NPTL 2.23 
rlimit: STACK 8192k, CORE 0k, NPROC 15292, NOFILE 65536, AS infinity
load average:0.20 0.43 0.41

/proc/meminfo:
MemTotal:        3953188 kB
MemFree:          115144 kB
MemAvailable:      92424 kB
Buffers:           13236 kB
Cached:           401020 kB
SwapCached:        38352 kB
Active:          2802368 kB
Inactive:         813268 kB
Active(anon):    2719532 kB
Inactive(anon):   743196 kB
Active(file):      82836 kB
Inactive(file):    70072 kB
Unevictable:         184 kB
Mlocked:             184 kB
SwapTotal:       1998844 kB
SwapFree:           7456 kB
Dirty:               148 kB
Writeback:             0 kB
AnonPages:       3165836 kB
Mapped:           141636 kB
Shmem:            260808 kB
Slab:              89212 kB
SReclaimable:      43992 kB
SUnreclaim:        45220 kB
KernelStack:       12960 kB
PageTables:        61364 kB
NFS_Unstable:          0 kB
Bounce:                0 kB
WritebackTmp:          0 kB
CommitLimit:     3975436 kB
Committed_AS:   10999524 kB
VmallocTotal:   34359738367 kB
VmallocUsed:           0 kB
VmallocChunk:          0 kB
HardwareCorrupted:     0 kB
AnonHugePages:   1173504 kB
CmaTotal:              0 kB
CmaFree:               0 kB
HugePages_Total:       0
HugePages_Free:        0
HugePages_Rsvd:        0
HugePages_Surp:        0
Hugepagesize:       2048 kB
DirectMap4k:      214100 kB
DirectMap2M:     3889152 kB


CPU:total 4 (2 cores per cpu, 2 threads per core) family 6 model 42 stepping 7, cmov, cx8, fxsr, mmx, sse, sse2, sse3, ssse3, sse4.1, sse4.2, popcnt, avx, aes, clmul, ht, tsc, tscinvbit

/proc/cpuinfo:
processor	: 0
vendor_id	: GenuineIntel
cpu family	: 6
model		: 42
model name	: Intel(R) Core(TM) i5-2430M CPU @ 2.40GHz
stepping	: 7
microcode	: 0x29
cpu MHz		: 993.750
cache size	: 3072 KB
physical id	: 0
siblings	: 4
core id		: 0
cpu cores	: 2
apicid		: 0
initial apicid	: 0
fpu		: yes
fpu_exception	: yes
cpuid level	: 13
wp		: yes
flags		: fpu vme de pse tsc msr pae mce cx8 apic sep mtrr pge mca cmov pat pse36 clflush dts acpi mmx fxsr sse sse2 ss ht tm pbe syscall nx rdtscp lm constant_tsc arch_perfmon pebs bts rep_good nopl xtopology nonstop_tsc aperfmperf eagerfpu pni pclmulqdq dtes64 monitor ds_cpl vmx est tm2 ssse3 cx16 xtpr pdcm pcid sse4_1 sse4_2 x2apic popcnt tsc_deadline_timer aes xsave avx lahf_lm epb tpr_shadow vnmi flexpriority ept vpid xsaveopt dtherm ida arat pln pts
bugs		:
bogomips	: 4789.38
clflush size	: 64
cache_alignment	: 64
address sizes	: 36 bits physical, 48 bits virtual
power management:

processor	: 1
vendor_id	: GenuineIntel
cpu family	: 6
model		: 42
model name	: Intel(R) Core(TM) i5-2430M CPU @ 2.40GHz
stepping	: 7
microcode	: 0x29
cpu MHz		: 1100.156
cache size	: 3072 KB
physical id	: 0
siblings	: 4
core id		: 1
cpu cores	: 2
apicid		: 2
initial apicid	: 2
fpu		: yes
fpu_exception	: yes
cpuid level	: 13
wp		: yes
flags		: fpu vme de pse tsc msr pae mce cx8 apic sep mtrr pge mca cmov pat pse36 clflush dts acpi mmx fxsr sse sse2 ss ht tm pbe syscall nx rdtscp lm constant_tsc arch_perfmon pebs bts rep_good nopl xtopology nonstop_tsc aperfmperf eagerfpu pni pclmulqdq dtes64 monitor ds_cpl vmx est tm2 ssse3 cx16 xtpr pdcm pcid sse4_1 sse4_2 x2apic popcnt tsc_deadline_timer aes xsave avx lahf_lm epb tpr_shadow vnmi flexpriority ept vpid xsaveopt dtherm ida arat pln pts
bugs		:
bogomips	: 4789.38
clflush size	: 64
cache_alignment	: 64
address sizes	: 36 bits physical, 48 bits virtual
power management:

processor	: 2
vendor_id	: GenuineIntel
cpu family	: 6
model		: 42
model name	: Intel(R) Core(TM) i5-2430M CPU @ 2.40GHz
stepping	: 7
microcode	: 0x29
cpu MHz		: 1162.406
cache size	: 3072 KB
physical id	: 0
siblings	: 4
core id		: 0
cpu cores	: 2
apicid		: 1
initial apicid	: 1
fpu		: yes
fpu_exception	: yes
cpuid level	: 13
wp		: yes
flags		: fpu vme de pse tsc msr pae mce cx8 apic sep mtrr pge mca cmov pat pse36 clflush dts acpi mmx fxsr sse sse2 ss ht tm pbe syscall nx rdtscp lm constant_tsc arch_perfmon pebs bts rep_good nopl xtopology nonstop_tsc aperfmperf eagerfpu pni pclmulqdq dtes64 monitor ds_cpl vmx est tm2 ssse3 cx16 xtpr pdcm pcid sse4_1 sse4_2 x2apic popcnt tsc_deadline_timer aes xsave avx lahf_lm epb tpr_shadow vnmi flexpriority ept vpid xsaveopt dtherm ida arat pln pts
bugs		:
bogomips	: 4789.38
clflush size	: 64
cache_alignment	: 64
address sizes	: 36 bits physical, 48 bits virtual
power management:

processor	: 3
vendor_id	: GenuineIntel
cpu family	: 6
model		: 42
model name	: Intel(R) Core(TM) i5-2430M CPU @ 2.40GHz
stepping	: 7
microcode	: 0x29
cpu MHz		: 1069.968
cache size	: 3072 KB
physical id	: 0
siblings	: 4
core id		: 1
cpu cores	: 2
apicid		: 3
initial apicid	: 3
fpu		: yes
fpu_exception	: yes
cpuid level	: 13
wp		: yes
flags		: fpu vme de pse tsc msr pae mce cx8 apic sep mtrr pge mca cmov pat pse36 clflush dts acpi mmx fxsr sse sse2 ss ht tm pbe syscall nx rdtscp lm constant_tsc arch_perfmon pebs bts rep_good nopl xtopology nonstop_tsc aperfmperf eagerfpu pni pclmulqdq dtes64 monitor ds_cpl vmx est tm2 ssse3 cx16 xtpr pdcm pcid sse4_1 sse4_2 x2apic popcnt tsc_deadline_timer aes xsave avx lahf_lm epb tpr_shadow vnmi flexpriority ept vpid xsaveopt dtherm ida arat pln pts
bugs		:
bogomips	: 4789.38
clflush size	: 64
cache_alignment	: 64
address sizes	: 36 bits physical, 48 bits virtual
power management:



Memory: 4k page, physical 3953188k(115144k free), swap 1998844k(7456k free)

vm_info: Java HotSpot(TM) 64-Bit Server VM (25.111-b14) for linux-amd64 JRE (1.8.0_111-b14), built on Sep 22 2016 16:14:03 by "java_re" with gcc 4.3.0 20080428 (Red Hat 4.3.0-8)

time: Thu Jan 19 17:42:21 2017
elapsed time: 0 seconds (0d 0h 0m 0s)

