#
# There is insufficient memory for the Java Runtime Environment to continue.
# Native memory allocation (mmap) failed to map 358088704 bytes for committing reserved memory.
# Possible reasons:
#   The system is out of physical RAM or swap space
#   In 32 bit mode, the process size limit was hit
# Possible solutions:
#   Reduce memory load on the system
#   Increase physical memory or swap space
#   Check if swap backing store is full
#   Use 64 bit Java on a 64 bit OS
#   Decrease Java heap size (-Xmx/-Xms)
#   Decrease number of Java threads
#   Decrease Java thread stack sizes (-Xss)
#   Set larger code cache with -XX:ReservedCodeCacheSize=
# This output file may be truncated or incomplete.
#
#  Out of Memory Error (os_linux.cpp:2627), pid=18664, tid=0x00007f63b3ab2700
#
# JRE version:  (8.0_111-b14) (build )
# Java VM: Java HotSpot(TM) 64-Bit Server VM (25.111-b14 mixed mode linux-amd64 compressed oops)
# Failed to write core dump. Core dumps have been disabled. To enable core dumping, try "ulimit -c unlimited" before starting Java again
#

---------------  T H R E A D  ---------------

Current thread (0x00007f63ac009800):  JavaThread "Unknown thread" [_thread_in_vm, id=18669, stack(0x00007f63b39b2000,0x00007f63b3ab3000)]

Stack: [0x00007f63b39b2000,0x00007f63b3ab3000],  sp=0x00007f63b3ab13c0,  free space=1020k
Native frames: (J=compiled Java code, j=interpreted, Vv=VM code, C=native code)
V  [libjvm.so+0xac5c2a]  VMError::report_and_die()+0x2ba
V  [libjvm.so+0x4fc50b]  report_vm_out_of_memory(char const*, int, unsigned long, VMErrorType, char const*)+0x8b
V  [libjvm.so+0x922ae3]  os::Linux::commit_memory_impl(char*, unsigned long, bool)+0x103
V  [libjvm.so+0x923039]  os::pd_commit_memory(char*, unsigned long, unsigned long, bool)+0x29
V  [libjvm.so+0x91d33a]  os::commit_memory(char*, unsigned long, unsigned long, bool)+0x2a
V  [libjvm.so+0x991ac3]  PSVirtualSpace::expand_by(unsigned long)+0x53
V  [libjvm.so+0x981bd7]  PSOldGen::initialize(ReservedSpace, unsigned long, char const*, int)+0xb7
V  [libjvm.so+0x2d88ea]  AdjoiningGenerations::AdjoiningGenerations(ReservedSpace, GenerationSizer*, unsigned long)+0x39a
V  [libjvm.so+0x945e96]  ParallelScavengeHeap::initialize()+0x1d6
V  [libjvm.so+0xa8dd53]  Universe::initialize_heap()+0xf3
V  [libjvm.so+0xa8e2be]  universe_init()+0x3e
V  [libjvm.so+0x63c925]  init_globals()+0x65
V  [libjvm.so+0xa719be]  Threads::create_vm(JavaVMInitArgs*, bool*)+0x23e
V  [libjvm.so+0x6d11c4]  JNI_CreateJavaVM+0x74
C  [libjli.so+0x745e]  JavaMain+0x9e
C  [libpthread.so.0+0x76fa]  start_thread+0xca


---------------  P R O C E S S  ---------------

Java Threads: ( => current thread )

Other Threads:

=>0x00007f63ac009800 (exited) JavaThread "Unknown thread" [_thread_in_vm, id=18669, stack(0x00007f63b39b2000,0x00007f63b3ab3000)]

VM state:not at safepoint (not fully initialized)

VM Mutex/Monitor currently owned by a thread: None

GC Heap History (0 events):
No events

Deoptimization events (0 events):
No events

Internal exceptions (0 events):
No events

Events (0 events):
No events


Dynamic libraries:
00400000-00401000 r-xp 00000000 08:05 1325376                            /opt/jdk/bin/java
00600000-00601000 rw-p 00000000 08:05 1325376                            /opt/jdk/bin/java
0147d000-0149e000 rw-p 00000000 00:00 0                                  [heap]
d5580000-eab00000 ---p 00000000 00:00 0 
eab00000-f5580000 rw-p 00000000 00:00 0 
f5580000-100000000 ---p 00000000 00:00 0 
7f639d000000-7f639d270000 rwxp 00000000 00:00 0 
7f639d270000-7f63ac000000 ---p 00000000 00:00 0 
7f63ac000000-7f63ac034000 rw-p 00000000 00:00 0 
7f63ac034000-7f63b0000000 ---p 00000000 00:00 0 
7f63b02d5000-7f63b055c000 rw-p 00000000 00:00 0 
7f63b055c000-7f63b06b1000 ---p 00000000 00:00 0 
7f63b06b1000-7f63b0707000 rw-p 00000000 00:00 0 
7f63b0707000-7f63b075c000 ---p 00000000 00:00 0 
7f63b075c000-7f63b0767000 rw-p 00000000 00:00 0 
7f63b0767000-7f63b0b1d000 ---p 00000000 00:00 0 
7f63b0b1d000-7f63b0b37000 r-xp 00000000 08:05 1325596                    /opt/jdk/jre/lib/amd64/libzip.so
7f63b0b37000-7f63b0d37000 ---p 0001a000 08:05 1325596                    /opt/jdk/jre/lib/amd64/libzip.so
7f63b0d37000-7f63b0d38000 rw-p 0001a000 08:05 1325596                    /opt/jdk/jre/lib/amd64/libzip.so
7f63b0d38000-7f63b0d43000 r-xp 00000000 08:05 1315737                    /lib/x86_64-linux-gnu/libnss_files-2.23.so
7f63b0d43000-7f63b0f42000 ---p 0000b000 08:05 1315737                    /lib/x86_64-linux-gnu/libnss_files-2.23.so
7f63b0f42000-7f63b0f43000 r--p 0000a000 08:05 1315737                    /lib/x86_64-linux-gnu/libnss_files-2.23.so
7f63b0f43000-7f63b0f44000 rw-p 0000b000 08:05 1315737                    /lib/x86_64-linux-gnu/libnss_files-2.23.so
7f63b0f44000-7f63b0f4a000 rw-p 00000000 00:00 0 
7f63b0f4a000-7f63b0f55000 r-xp 00000000 08:05 1315747                    /lib/x86_64-linux-gnu/libnss_nis-2.23.so
7f63b0f55000-7f63b1154000 ---p 0000b000 08:05 1315747                    /lib/x86_64-linux-gnu/libnss_nis-2.23.so
7f63b1154000-7f63b1155000 r--p 0000a000 08:05 1315747                    /lib/x86_64-linux-gnu/libnss_nis-2.23.so
7f63b1155000-7f63b1156000 rw-p 0000b000 08:05 1315747                    /lib/x86_64-linux-gnu/libnss_nis-2.23.so
7f63b1156000-7f63b116c000 r-xp 00000000 08:05 1315731                    /lib/x86_64-linux-gnu/libnsl-2.23.so
7f63b116c000-7f63b136b000 ---p 00016000 08:05 1315731                    /lib/x86_64-linux-gnu/libnsl-2.23.so
7f63b136b000-7f63b136c000 r--p 00015000 08:05 1315731                    /lib/x86_64-linux-gnu/libnsl-2.23.so
7f63b136c000-7f63b136d000 rw-p 00016000 08:05 1315731                    /lib/x86_64-linux-gnu/libnsl-2.23.so
7f63b136d000-7f63b136f000 rw-p 00000000 00:00 0 
7f63b136f000-7f63b1377000 r-xp 00000000 08:05 1315733                    /lib/x86_64-linux-gnu/libnss_compat-2.23.so
7f63b1377000-7f63b1576000 ---p 00008000 08:05 1315733                    /lib/x86_64-linux-gnu/libnss_compat-2.23.so
7f63b1576000-7f63b1577000 r--p 00007000 08:05 1315733                    /lib/x86_64-linux-gnu/libnss_compat-2.23.so
7f63b1577000-7f63b1578000 rw-p 00008000 08:05 1315733                    /lib/x86_64-linux-gnu/libnss_compat-2.23.so
7f63b1578000-7f63b15a3000 r-xp 00000000 08:05 1325657                    /opt/jdk/jre/lib/amd64/libjava.so
7f63b15a3000-7f63b17a2000 ---p 0002b000 08:05 1325657                    /opt/jdk/jre/lib/amd64/libjava.so
7f63b17a2000-7f63b17a4000 rw-p 0002a000 08:05 1325657                    /opt/jdk/jre/lib/amd64/libjava.so
7f63b17a4000-7f63b17b1000 r-xp 00000000 08:05 1325549                    /opt/jdk/jre/lib/amd64/libverify.so
7f63b17b1000-7f63b19b0000 ---p 0000d000 08:05 1325549                    /opt/jdk/jre/lib/amd64/libverify.so
7f63b19b0000-7f63b19b2000 rw-p 0000c000 08:05 1325549                    /opt/jdk/jre/lib/amd64/libverify.so
7f63b19b2000-7f63b19b9000 r-xp 00000000 08:05 1315792                    /lib/x86_64-linux-gnu/librt-2.23.so
7f63b19b9000-7f63b1bb8000 ---p 00007000 08:05 1315792                    /lib/x86_64-linux-gnu/librt-2.23.so
7f63b1bb8000-7f63b1bb9000 r--p 00006000 08:05 1315792                    /lib/x86_64-linux-gnu/librt-2.23.so
7f63b1bb9000-7f63b1bba000 rw-p 00007000 08:05 1315792                    /lib/x86_64-linux-gnu/librt-2.23.so
7f63b1bba000-7f63b1cc2000 r-xp 00000000 08:05 1315708                    /lib/x86_64-linux-gnu/libm-2.23.so
7f63b1cc2000-7f63b1ec1000 ---p 00108000 08:05 1315708                    /lib/x86_64-linux-gnu/libm-2.23.so
7f63b1ec1000-7f63b1ec2000 r--p 00107000 08:05 1315708                    /lib/x86_64-linux-gnu/libm-2.23.so
7f63b1ec2000-7f63b1ec3000 rw-p 00108000 08:05 1315708                    /lib/x86_64-linux-gnu/libm-2.23.so
7f63b1ec3000-7f63b2b90000 r-xp 00000000 08:05 1325721                    /opt/jdk/jre/lib/amd64/server/libjvm.so
7f63b2b90000-7f63b2d8f000 ---p 00ccd000 08:05 1325721                    /opt/jdk/jre/lib/amd64/server/libjvm.so
7f63b2d8f000-7f63b2e68000 rw-p 00ccc000 08:05 1325721                    /opt/jdk/jre/lib/amd64/server/libjvm.so
7f63b2e68000-7f63b2eb3000 rw-p 00000000 00:00 0 
7f63b2eb3000-7f63b3073000 r-xp 00000000 08:05 1315638                    /lib/x86_64-linux-gnu/libc-2.23.so
7f63b3073000-7f63b3272000 ---p 001c0000 08:05 1315638                    /lib/x86_64-linux-gnu/libc-2.23.so
7f63b3272000-7f63b3276000 r--p 001bf000 08:05 1315638                    /lib/x86_64-linux-gnu/libc-2.23.so
7f63b3276000-7f63b3278000 rw-p 001c3000 08:05 1315638                    /lib/x86_64-linux-gnu/libc-2.23.so
7f63b3278000-7f63b327c000 rw-p 00000000 00:00 0 
7f63b327c000-7f63b327f000 r-xp 00000000 08:05 1315662                    /lib/x86_64-linux-gnu/libdl-2.23.so
7f63b327f000-7f63b347e000 ---p 00003000 08:05 1315662                    /lib/x86_64-linux-gnu/libdl-2.23.so
7f63b347e000-7f63b347f000 r--p 00002000 08:05 1315662                    /lib/x86_64-linux-gnu/libdl-2.23.so
7f63b347f000-7f63b3480000 rw-p 00003000 08:05 1315662                    /lib/x86_64-linux-gnu/libdl-2.23.so
7f63b3480000-7f63b3495000 r-xp 00000000 08:05 1322410                    /opt/jdk/lib/amd64/jli/libjli.so
7f63b3495000-7f63b3695000 ---p 00015000 08:05 1322410                    /opt/jdk/lib/amd64/jli/libjli.so
7f63b3695000-7f63b3696000 rw-p 00015000 08:05 1322410                    /opt/jdk/lib/amd64/jli/libjli.so
7f63b3696000-7f63b36ae000 r-xp 00000000 08:05 1315784                    /lib/x86_64-linux-gnu/libpthread-2.23.so
7f63b36ae000-7f63b38ad000 ---p 00018000 08:05 1315784                    /lib/x86_64-linux-gnu/libpthread-2.23.so
7f63b38ad000-7f63b38ae000 r--p 00017000 08:05 1315784                    /lib/x86_64-linux-gnu/libpthread-2.23.so
7f63b38ae000-7f63b38af000 rw-p 00018000 08:05 1315784                    /lib/x86_64-linux-gnu/libpthread-2.23.so
7f63b38af000-7f63b38b3000 rw-p 00000000 00:00 0 
7f63b38b3000-7f63b38d9000 r-xp 00000000 08:05 1315610                    /lib/x86_64-linux-gnu/ld-2.23.so
7f63b39b2000-7f63b39b5000 ---p 00000000 00:00 0 
7f63b39b5000-7f63b3ab7000 rw-p 00000000 00:00 0 
7f63b3acc000-7f63b3ad4000 rw-s 00000000 08:05 2772324                    /tmp/hsperfdata_david/18664
7f63b3ad4000-7f63b3ad5000 rw-p 00000000 00:00 0 
7f63b3ad5000-7f63b3ad6000 r--p 00000000 00:00 0 
7f63b3ad6000-7f63b3ad8000 rw-p 00000000 00:00 0 
7f63b3ad8000-7f63b3ad9000 r--p 00025000 08:05 1315610                    /lib/x86_64-linux-gnu/ld-2.23.so
7f63b3ad9000-7f63b3ada000 rw-p 00026000 08:05 1315610                    /lib/x86_64-linux-gnu/ld-2.23.so
7f63b3ada000-7f63b3adb000 rw-p 00000000 00:00 0 
7ffd2334e000-7ffd23370000 rw-p 00000000 00:00 0                          [stack]
7ffd233b0000-7ffd233b2000 r--p 00000000 00:00 0                          [vvar]
7ffd233b2000-7ffd233b4000 r-xp 00000000 00:00 0                          [vdso]
ffffffffff600000-ffffffffff601000 r-xp 00000000 00:00 0                  [vsyscall]

VM Arguments:
jvm_args: -Xms512m -Xmx1024m -Djava.util.Arrays.useLegacyMergeSort=true -Dclassworlds.conf=/opt/maven/bin/m2.conf -Dmaven.home=/opt/maven 
java_command: org.codehaus.plexus.classworlds.launcher.Launcher clean install sakai:deploy -Dmaven.tomcat.home=/opt/tomcat -Dsakai.home=/opt/tomcat/sakai -Djava.net.preferIPv4Stack=true -Dmaven.test.skip=true
java_class_path (initial): /opt/maven/boot/plexus-classworlds-2.5.1.jar
Launcher Type: SUN_STANDARD

Environment Variables:
JAVA_HOME=/opt/jdk
PATH=/opt/jdk/bin:/usr/local/sbin:/usr/local/bin:/usr/sbin:/usr/bin:/sbin:/bin:/usr/games:/usr/local/games:/snap/bin:/opt/maven/bin:/opt/jdk/bin:/usr/local/sbin:/usr/local/bin:/usr/sbin:/usr/bin:/sbin:/bin:/usr/games:/usr/local/games:/snap/bin
SHELL=/bin/bash
DISPLAY=:0

Signal Handlers:
SIGSEGV: [libjvm.so+0xac64b0], sa_mask[0]=11111111011111111101111111111110, sa_flags=SA_RESTART|SA_SIGINFO
SIGBUS: [libjvm.so+0xac64b0], sa_mask[0]=11111111011111111101111111111110, sa_flags=SA_RESTART|SA_SIGINFO
SIGFPE: [libjvm.so+0x91f950], sa_mask[0]=11111111011111111101111111111110, sa_flags=SA_RESTART|SA_SIGINFO
SIGPIPE: [libjvm.so+0x91f950], sa_mask[0]=11111111011111111101111111111110, sa_flags=SA_RESTART|SA_SIGINFO
SIGXFSZ: [libjvm.so+0x91f950], sa_mask[0]=11111111011111111101111111111110, sa_flags=SA_RESTART|SA_SIGINFO
SIGILL: [libjvm.so+0x91f950], sa_mask[0]=11111111011111111101111111111110, sa_flags=SA_RESTART|SA_SIGINFO
SIGUSR1: SIG_DFL, sa_mask[0]=00000000000000000000000000000000, sa_flags=none
SIGUSR2: [libjvm.so+0x920f80], sa_mask[0]=00000000000000000000000000000000, sa_flags=SA_RESTART|SA_SIGINFO
SIGHUP: SIG_DFL, sa_mask[0]=00000000000000000000000000000000, sa_flags=none
SIGINT: SIG_DFL, sa_mask[0]=00000000000000000000000000000000, sa_flags=none
SIGTERM: SIG_DFL, sa_mask[0]=00000000000000000000000000000000, sa_flags=none
SIGQUIT: SIG_DFL, sa_mask[0]=00000000000000000000000000000000, sa_flags=none


---------------  S Y S T E M  ---------------

OS:DISTRIB_ID=Ubuntu
DISTRIB_RELEASE=16.04
DISTRIB_CODENAME=xenial
DISTRIB_DESCRIPTION="Ubuntu 16.04 LTS"

uname:Linux 4.4.0-59-generic #80-Ubuntu SMP Fri Jan 6 17:47:47 UTC 2017 x86_64
libc:glibc 2.23 NPTL 2.23 
rlimit: STACK 8192k, CORE 0k, NPROC 15292, NOFILE 65536, AS infinity
load average:0.25 0.31 0.36

/proc/meminfo:
MemTotal:        3953188 kB
MemFree:          137608 kB
MemAvailable:     147032 kB
Buffers:           12268 kB
Cached:           405836 kB
SwapCached:        32624 kB
Active:          2613980 kB
Inactive:         958768 kB
Active(anon):    2481732 kB
Inactive(anon):   902724 kB
Active(file):     132248 kB
Inactive(file):    56044 kB
Unevictable:         340 kB
Mlocked:             340 kB
SwapTotal:       1998844 kB
SwapFree:           2916 kB
Dirty:               376 kB
Writeback:             0 kB
AnonPages:       3124232 kB
Mapped:           245412 kB
Shmem:            229188 kB
Slab:              99592 kB
SReclaimable:      53540 kB
SUnreclaim:        46052 kB
KernelStack:       14320 kB
PageTables:        66136 kB
NFS_Unstable:          0 kB
Bounce:                0 kB
WritebackTmp:          0 kB
CommitLimit:     3975436 kB
Committed_AS:   12625612 kB
VmallocTotal:   34359738367 kB
VmallocUsed:           0 kB
VmallocChunk:          0 kB
HardwareCorrupted:     0 kB
AnonHugePages:    899072 kB
CmaTotal:              0 kB
CmaFree:               0 kB
HugePages_Total:       0
HugePages_Free:        0
HugePages_Rsvd:        0
HugePages_Surp:        0
Hugepagesize:       2048 kB
DirectMap4k:      218196 kB
DirectMap2M:     3885056 kB


CPU:total 4 (2 cores per cpu, 2 threads per core) family 6 model 42 stepping 7, cmov, cx8, fxsr, mmx, sse, sse2, sse3, ssse3, sse4.1, sse4.2, popcnt, avx, aes, clmul, ht, tsc, tscinvbit

/proc/cpuinfo:
processor	: 0
vendor_id	: GenuineIntel
cpu family	: 6
model		: 42
model name	: Intel(R) Core(TM) i5-2430M CPU @ 2.40GHz
stepping	: 7
microcode	: 0x29
cpu MHz		: 992.343
cache size	: 3072 KB
physical id	: 0
siblings	: 4
core id		: 0
cpu cores	: 2
apicid		: 0
initial apicid	: 0
fpu		: yes
fpu_exception	: yes
cpuid level	: 13
wp		: yes
flags		: fpu vme de pse tsc msr pae mce cx8 apic sep mtrr pge mca cmov pat pse36 clflush dts acpi mmx fxsr sse sse2 ss ht tm pbe syscall nx rdtscp lm constant_tsc arch_perfmon pebs bts rep_good nopl xtopology nonstop_tsc aperfmperf eagerfpu pni pclmulqdq dtes64 monitor ds_cpl vmx est tm2 ssse3 cx16 xtpr pdcm pcid sse4_1 sse4_2 x2apic popcnt tsc_deadline_timer aes xsave avx lahf_lm epb tpr_shadow vnmi flexpriority ept vpid xsaveopt dtherm ida arat pln pts
bugs		:
bogomips	: 4789.38
clflush size	: 64
cache_alignment	: 64
address sizes	: 36 bits physical, 48 bits virtual
power management:

processor	: 1
vendor_id	: GenuineIntel
cpu family	: 6
model		: 42
model name	: Intel(R) Core(TM) i5-2430M CPU @ 2.40GHz
stepping	: 7
microcode	: 0x29
cpu MHz		: 994.593
cache size	: 3072 KB
physical id	: 0
siblings	: 4
core id		: 1
cpu cores	: 2
apicid		: 2
initial apicid	: 2
fpu		: yes
fpu_exception	: yes
cpuid level	: 13
wp		: yes
flags		: fpu vme de pse tsc msr pae mce cx8 apic sep mtrr pge mca cmov pat pse36 clflush dts acpi mmx fxsr sse sse2 ss ht tm pbe syscall nx rdtscp lm constant_tsc arch_perfmon pebs bts rep_good nopl xtopology nonstop_tsc aperfmperf eagerfpu pni pclmulqdq dtes64 monitor ds_cpl vmx est tm2 ssse3 cx16 xtpr pdcm pcid sse4_1 sse4_2 x2apic popcnt tsc_deadline_timer aes xsave avx lahf_lm epb tpr_shadow vnmi flexpriority ept vpid xsaveopt dtherm ida arat pln pts
bugs		:
bogomips	: 4789.38
clflush size	: 64
cache_alignment	: 64
address sizes	: 36 bits physical, 48 bits virtual
power management:

processor	: 2
vendor_id	: GenuineIntel
cpu family	: 6
model		: 42
model name	: Intel(R) Core(TM) i5-2430M CPU @ 2.40GHz
stepping	: 7
microcode	: 0x29
cpu MHz		: 997.687
cache size	: 3072 KB
physical id	: 0
siblings	: 4
core id		: 0
cpu cores	: 2
apicid		: 1
initial apicid	: 1
fpu		: yes
fpu_exception	: yes
cpuid level	: 13
wp		: yes
flags		: fpu vme de pse tsc msr pae mce cx8 apic sep mtrr pge mca cmov pat pse36 clflush dts acpi mmx fxsr sse sse2 ss ht tm pbe syscall nx rdtscp lm constant_tsc arch_perfmon pebs bts rep_good nopl xtopology nonstop_tsc aperfmperf eagerfpu pni pclmulqdq dtes64 monitor ds_cpl vmx est tm2 ssse3 cx16 xtpr pdcm pcid sse4_1 sse4_2 x2apic popcnt tsc_deadline_timer aes xsave avx lahf_lm epb tpr_shadow vnmi flexpriority ept vpid xsaveopt dtherm ida arat pln pts
bugs		:
bogomips	: 4789.38
clflush size	: 64
cache_alignment	: 64
address sizes	: 36 bits physical, 48 bits virtual
power management:

processor	: 3
vendor_id	: GenuineIntel
cpu family	: 6
model		: 42
model name	: Intel(R) Core(TM) i5-2430M CPU @ 2.40GHz
stepping	: 7
microcode	: 0x29
cpu MHz		: 997.875
cache size	: 3072 KB
physical id	: 0
siblings	: 4
core id		: 1
cpu cores	: 2
apicid		: 3
initial apicid	: 3
fpu		: yes
fpu_exception	: yes
cpuid level	: 13
wp		: yes
flags		: fpu vme de pse tsc msr pae mce cx8 apic sep mtrr pge mca cmov pat pse36 clflush dts acpi mmx fxsr sse sse2 ss ht tm pbe syscall nx rdtscp lm constant_tsc arch_perfmon pebs bts rep_good nopl xtopology nonstop_tsc aperfmperf eagerfpu pni pclmulqdq dtes64 monitor ds_cpl vmx est tm2 ssse3 cx16 xtpr pdcm pcid sse4_1 sse4_2 x2apic popcnt tsc_deadline_timer aes xsave avx lahf_lm epb tpr_shadow vnmi flexpriority ept vpid xsaveopt dtherm ida arat pln pts
bugs		:
bogomips	: 4789.38
clflush size	: 64
cache_alignment	: 64
address sizes	: 36 bits physical, 48 bits virtual
power management:



Memory: 4k page, physical 3953188k(137608k free), swap 1998844k(2916k free)

vm_info: Java HotSpot(TM) 64-Bit Server VM (25.111-b14) for linux-amd64 JRE (1.8.0_111-b14), built on Sep 22 2016 16:14:03 by "java_re" with gcc 4.3.0 20080428 (Red Hat 4.3.0-8)

time: Tue Jan 31 11:37:40 2017
elapsed time: 0 seconds (0d 0h 0m 0s)

