#
# There is insufficient memory for the Java Runtime Environment to continue.
# Native memory allocation (mmap) failed to map 358088704 bytes for committing reserved memory.
# Possible reasons:
#   The system is out of physical RAM or swap space
#   In 32 bit mode, the process size limit was hit
# Possible solutions:
#   Reduce memory load on the system
#   Increase physical memory or swap space
#   Check if swap backing store is full
#   Use 64 bit Java on a 64 bit OS
#   Decrease Java heap size (-Xmx/-Xms)
#   Decrease number of Java threads
#   Decrease Java thread stack sizes (-Xss)
#   Set larger code cache with -XX:ReservedCodeCacheSize=
# This output file may be truncated or incomplete.
#
#  Out of Memory Error (os_linux.cpp:2627), pid=7960, tid=0x00007f05275bb700
#
# JRE version:  (8.0_111-b14) (build )
# Java VM: Java HotSpot(TM) 64-Bit Server VM (25.111-b14 mixed mode linux-amd64 compressed oops)
# Failed to write core dump. Core dumps have been disabled. To enable core dumping, try "ulimit -c unlimited" before starting Java again
#

---------------  T H R E A D  ---------------

Current thread (0x00007f0520009800):  JavaThread "Unknown thread" [_thread_in_vm, id=7965, stack(0x00007f05274bb000,0x00007f05275bc000)]

Stack: [0x00007f05274bb000,0x00007f05275bc000],  sp=0x00007f05275ba3c0,  free space=1020k
Native frames: (J=compiled Java code, j=interpreted, Vv=VM code, C=native code)
V  [libjvm.so+0xac5c2a]  VMError::report_and_die()+0x2ba
V  [libjvm.so+0x4fc50b]  report_vm_out_of_memory(char const*, int, unsigned long, VMErrorType, char const*)+0x8b
V  [libjvm.so+0x922ae3]  os::Linux::commit_memory_impl(char*, unsigned long, bool)+0x103
V  [libjvm.so+0x923039]  os::pd_commit_memory(char*, unsigned long, unsigned long, bool)+0x29
V  [libjvm.so+0x91d33a]  os::commit_memory(char*, unsigned long, unsigned long, bool)+0x2a
V  [libjvm.so+0x991ac3]  PSVirtualSpace::expand_by(unsigned long)+0x53
V  [libjvm.so+0x981bd7]  PSOldGen::initialize(ReservedSpace, unsigned long, char const*, int)+0xb7
V  [libjvm.so+0x2d88ea]  AdjoiningGenerations::AdjoiningGenerations(ReservedSpace, GenerationSizer*, unsigned long)+0x39a
V  [libjvm.so+0x945e96]  ParallelScavengeHeap::initialize()+0x1d6
V  [libjvm.so+0xa8dd53]  Universe::initialize_heap()+0xf3
V  [libjvm.so+0xa8e2be]  universe_init()+0x3e
V  [libjvm.so+0x63c925]  init_globals()+0x65
V  [libjvm.so+0xa719be]  Threads::create_vm(JavaVMInitArgs*, bool*)+0x23e
V  [libjvm.so+0x6d11c4]  JNI_CreateJavaVM+0x74
C  [libjli.so+0x745e]  JavaMain+0x9e
C  [libpthread.so.0+0x76fa]  start_thread+0xca


---------------  P R O C E S S  ---------------

Java Threads: ( => current thread )

Other Threads:

=>0x00007f0520009800 (exited) JavaThread "Unknown thread" [_thread_in_vm, id=7965, stack(0x00007f05274bb000,0x00007f05275bc000)]

VM state:not at safepoint (not fully initialized)

VM Mutex/Monitor currently owned by a thread: None

GC Heap History (0 events):
No events

Deoptimization events (0 events):
No events

Internal exceptions (0 events):
No events

Events (0 events):
No events


Dynamic libraries:
00400000-00401000 r-xp 00000000 08:05 1325376                            /opt/jdk/bin/java
00600000-00601000 rw-p 00000000 08:05 1325376                            /opt/jdk/bin/java
01678000-01699000 rw-p 00000000 00:00 0                                  [heap]
d5580000-eab00000 ---p 00000000 00:00 0 
eab00000-f5580000 rw-p 00000000 00:00 0 
f5580000-100000000 ---p 00000000 00:00 0 
7f0510d79000-7f0511000000 rw-p 00000000 00:00 0 
7f0511000000-7f0511270000 rwxp 00000000 00:00 0 
7f0511270000-7f0520000000 ---p 00000000 00:00 0 
7f0520000000-7f0520034000 rw-p 00000000 00:00 0 
7f0520034000-7f0524000000 ---p 00000000 00:00 0 
7f0524065000-7f05241ba000 ---p 00000000 00:00 0 
7f05241ba000-7f0524210000 rw-p 00000000 00:00 0 
7f0524210000-7f0524265000 ---p 00000000 00:00 0 
7f0524265000-7f0524270000 rw-p 00000000 00:00 0 
7f0524270000-7f0524626000 ---p 00000000 00:00 0 
7f0524626000-7f0524640000 r-xp 00000000 08:05 1325596                    /opt/jdk/jre/lib/amd64/libzip.so
7f0524640000-7f0524840000 ---p 0001a000 08:05 1325596                    /opt/jdk/jre/lib/amd64/libzip.so
7f0524840000-7f0524841000 rw-p 0001a000 08:05 1325596                    /opt/jdk/jre/lib/amd64/libzip.so
7f0524841000-7f052484c000 r-xp 00000000 08:05 1315737                    /lib/x86_64-linux-gnu/libnss_files-2.23.so
7f052484c000-7f0524a4b000 ---p 0000b000 08:05 1315737                    /lib/x86_64-linux-gnu/libnss_files-2.23.so
7f0524a4b000-7f0524a4c000 r--p 0000a000 08:05 1315737                    /lib/x86_64-linux-gnu/libnss_files-2.23.so
7f0524a4c000-7f0524a4d000 rw-p 0000b000 08:05 1315737                    /lib/x86_64-linux-gnu/libnss_files-2.23.so
7f0524a4d000-7f0524a53000 rw-p 00000000 00:00 0 
7f0524a53000-7f0524a5e000 r-xp 00000000 08:05 1315747                    /lib/x86_64-linux-gnu/libnss_nis-2.23.so
7f0524a5e000-7f0524c5d000 ---p 0000b000 08:05 1315747                    /lib/x86_64-linux-gnu/libnss_nis-2.23.so
7f0524c5d000-7f0524c5e000 r--p 0000a000 08:05 1315747                    /lib/x86_64-linux-gnu/libnss_nis-2.23.so
7f0524c5e000-7f0524c5f000 rw-p 0000b000 08:05 1315747                    /lib/x86_64-linux-gnu/libnss_nis-2.23.so
7f0524c5f000-7f0524c75000 r-xp 00000000 08:05 1315731                    /lib/x86_64-linux-gnu/libnsl-2.23.so
7f0524c75000-7f0524e74000 ---p 00016000 08:05 1315731                    /lib/x86_64-linux-gnu/libnsl-2.23.so
7f0524e74000-7f0524e75000 r--p 00015000 08:05 1315731                    /lib/x86_64-linux-gnu/libnsl-2.23.so
7f0524e75000-7f0524e76000 rw-p 00016000 08:05 1315731                    /lib/x86_64-linux-gnu/libnsl-2.23.so
7f0524e76000-7f0524e78000 rw-p 00000000 00:00 0 
7f0524e78000-7f0524e80000 r-xp 00000000 08:05 1315733                    /lib/x86_64-linux-gnu/libnss_compat-2.23.so
7f0524e80000-7f052507f000 ---p 00008000 08:05 1315733                    /lib/x86_64-linux-gnu/libnss_compat-2.23.so
7f052507f000-7f0525080000 r--p 00007000 08:05 1315733                    /lib/x86_64-linux-gnu/libnss_compat-2.23.so
7f0525080000-7f0525081000 rw-p 00008000 08:05 1315733                    /lib/x86_64-linux-gnu/libnss_compat-2.23.so
7f0525081000-7f05250ac000 r-xp 00000000 08:05 1325657                    /opt/jdk/jre/lib/amd64/libjava.so
7f05250ac000-7f05252ab000 ---p 0002b000 08:05 1325657                    /opt/jdk/jre/lib/amd64/libjava.so
7f05252ab000-7f05252ad000 rw-p 0002a000 08:05 1325657                    /opt/jdk/jre/lib/amd64/libjava.so
7f05252ad000-7f05252ba000 r-xp 00000000 08:05 1325549                    /opt/jdk/jre/lib/amd64/libverify.so
7f05252ba000-7f05254b9000 ---p 0000d000 08:05 1325549                    /opt/jdk/jre/lib/amd64/libverify.so
7f05254b9000-7f05254bb000 rw-p 0000c000 08:05 1325549                    /opt/jdk/jre/lib/amd64/libverify.so
7f05254bb000-7f05254c2000 r-xp 00000000 08:05 1315792                    /lib/x86_64-linux-gnu/librt-2.23.so
7f05254c2000-7f05256c1000 ---p 00007000 08:05 1315792                    /lib/x86_64-linux-gnu/librt-2.23.so
7f05256c1000-7f05256c2000 r--p 00006000 08:05 1315792                    /lib/x86_64-linux-gnu/librt-2.23.so
7f05256c2000-7f05256c3000 rw-p 00007000 08:05 1315792                    /lib/x86_64-linux-gnu/librt-2.23.so
7f05256c3000-7f05257cb000 r-xp 00000000 08:05 1315708                    /lib/x86_64-linux-gnu/libm-2.23.so
7f05257cb000-7f05259ca000 ---p 00108000 08:05 1315708                    /lib/x86_64-linux-gnu/libm-2.23.so
7f05259ca000-7f05259cb000 r--p 00107000 08:05 1315708                    /lib/x86_64-linux-gnu/libm-2.23.so
7f05259cb000-7f05259cc000 rw-p 00108000 08:05 1315708                    /lib/x86_64-linux-gnu/libm-2.23.so
7f05259cc000-7f0526699000 r-xp 00000000 08:05 1325721                    /opt/jdk/jre/lib/amd64/server/libjvm.so
7f0526699000-7f0526898000 ---p 00ccd000 08:05 1325721                    /opt/jdk/jre/lib/amd64/server/libjvm.so
7f0526898000-7f0526971000 rw-p 00ccc000 08:05 1325721                    /opt/jdk/jre/lib/amd64/server/libjvm.so
7f0526971000-7f05269bc000 rw-p 00000000 00:00 0 
7f05269bc000-7f0526b7c000 r-xp 00000000 08:05 1315638                    /lib/x86_64-linux-gnu/libc-2.23.so
7f0526b7c000-7f0526d7b000 ---p 001c0000 08:05 1315638                    /lib/x86_64-linux-gnu/libc-2.23.so
7f0526d7b000-7f0526d7f000 r--p 001bf000 08:05 1315638                    /lib/x86_64-linux-gnu/libc-2.23.so
7f0526d7f000-7f0526d81000 rw-p 001c3000 08:05 1315638                    /lib/x86_64-linux-gnu/libc-2.23.so
7f0526d81000-7f0526d85000 rw-p 00000000 00:00 0 
7f0526d85000-7f0526d88000 r-xp 00000000 08:05 1315662                    /lib/x86_64-linux-gnu/libdl-2.23.so
7f0526d88000-7f0526f87000 ---p 00003000 08:05 1315662                    /lib/x86_64-linux-gnu/libdl-2.23.so
7f0526f87000-7f0526f88000 r--p 00002000 08:05 1315662                    /lib/x86_64-linux-gnu/libdl-2.23.so
7f0526f88000-7f0526f89000 rw-p 00003000 08:05 1315662                    /lib/x86_64-linux-gnu/libdl-2.23.so
7f0526f89000-7f0526f9e000 r-xp 00000000 08:05 1322410                    /opt/jdk/lib/amd64/jli/libjli.so
7f0526f9e000-7f052719e000 ---p 00015000 08:05 1322410                    /opt/jdk/lib/amd64/jli/libjli.so
7f052719e000-7f052719f000 rw-p 00015000 08:05 1322410                    /opt/jdk/lib/amd64/jli/libjli.so
7f052719f000-7f05271b7000 r-xp 00000000 08:05 1315784                    /lib/x86_64-linux-gnu/libpthread-2.23.so
7f05271b7000-7f05273b6000 ---p 00018000 08:05 1315784                    /lib/x86_64-linux-gnu/libpthread-2.23.so
7f05273b6000-7f05273b7000 r--p 00017000 08:05 1315784                    /lib/x86_64-linux-gnu/libpthread-2.23.so
7f05273b7000-7f05273b8000 rw-p 00018000 08:05 1315784                    /lib/x86_64-linux-gnu/libpthread-2.23.so
7f05273b8000-7f05273bc000 rw-p 00000000 00:00 0 
7f05273bc000-7f05273e2000 r-xp 00000000 08:05 1315610                    /lib/x86_64-linux-gnu/ld-2.23.so
7f05274bb000-7f05274be000 ---p 00000000 00:00 0 
7f05274be000-7f05275c0000 rw-p 00000000 00:00 0 
7f05275d5000-7f05275dd000 rw-s 00000000 08:05 2771879                    /tmp/hsperfdata_david/7960
7f05275dd000-7f05275de000 rw-p 00000000 00:00 0 
7f05275de000-7f05275df000 r--p 00000000 00:00 0 
7f05275df000-7f05275e1000 rw-p 00000000 00:00 0 
7f05275e1000-7f05275e2000 r--p 00025000 08:05 1315610                    /lib/x86_64-linux-gnu/ld-2.23.so
7f05275e2000-7f05275e3000 rw-p 00026000 08:05 1315610                    /lib/x86_64-linux-gnu/ld-2.23.so
7f05275e3000-7f05275e4000 rw-p 00000000 00:00 0 
7ffe482d8000-7ffe482fa000 rw-p 00000000 00:00 0                          [stack]
7ffe483b3000-7ffe483b5000 r--p 00000000 00:00 0                          [vvar]
7ffe483b5000-7ffe483b7000 r-xp 00000000 00:00 0                          [vdso]
ffffffffff600000-ffffffffff601000 r-xp 00000000 00:00 0                  [vsyscall]

VM Arguments:
jvm_args: -Xms512m -Xmx1024m -Djava.util.Arrays.useLegacyMergeSort=true -Dclassworlds.conf=/opt/maven/bin/m2.conf -Dmaven.home=/opt/maven 
java_command: org.codehaus.plexus.classworlds.launcher.Launcher clean install sakai:deploy -Dmaven.tomcat.home=/opt/tomcat -Dsakai.home=/opt/tomcat/sakai -Djava.net.preferIPv4Stack=true -Dmaven.test.skip=true
java_class_path (initial): /opt/maven/boot/plexus-classworlds-2.5.1.jar
Launcher Type: SUN_STANDARD

Environment Variables:
JAVA_HOME=/opt/jdk
PATH=/opt/jdk/bin:/usr/local/sbin:/usr/local/bin:/usr/sbin:/usr/bin:/sbin:/bin:/usr/games:/usr/local/games:/snap/bin:/opt/maven/bin:/opt/jdk/bin:/usr/local/sbin:/usr/local/bin:/usr/sbin:/usr/bin:/sbin:/bin:/usr/games:/usr/local/games:/snap/bin
SHELL=/bin/bash
DISPLAY=:0

Signal Handlers:
SIGSEGV: [libjvm.so+0xac64b0], sa_mask[0]=11111111011111111101111111111110, sa_flags=SA_RESTART|SA_SIGINFO
SIGBUS: [libjvm.so+0xac64b0], sa_mask[0]=11111111011111111101111111111110, sa_flags=SA_RESTART|SA_SIGINFO
SIGFPE: [libjvm.so+0x91f950], sa_mask[0]=11111111011111111101111111111110, sa_flags=SA_RESTART|SA_SIGINFO
SIGPIPE: [libjvm.so+0x91f950], sa_mask[0]=11111111011111111101111111111110, sa_flags=SA_RESTART|SA_SIGINFO
SIGXFSZ: [libjvm.so+0x91f950], sa_mask[0]=11111111011111111101111111111110, sa_flags=SA_RESTART|SA_SIGINFO
SIGILL: [libjvm.so+0x91f950], sa_mask[0]=11111111011111111101111111111110, sa_flags=SA_RESTART|SA_SIGINFO
SIGUSR1: SIG_DFL, sa_mask[0]=00000000000000000000000000000000, sa_flags=none
SIGUSR2: [libjvm.so+0x920f80], sa_mask[0]=00000000000000000000000000000000, sa_flags=SA_RESTART|SA_SIGINFO
SIGHUP: SIG_DFL, sa_mask[0]=00000000000000000000000000000000, sa_flags=none
SIGINT: SIG_DFL, sa_mask[0]=00000000000000000000000000000000, sa_flags=none
SIGTERM: SIG_DFL, sa_mask[0]=00000000000000000000000000000000, sa_flags=none
SIGQUIT: SIG_DFL, sa_mask[0]=00000000000000000000000000000000, sa_flags=none


---------------  S Y S T E M  ---------------

OS:DISTRIB_ID=Ubuntu
DISTRIB_RELEASE=16.04
DISTRIB_CODENAME=xenial
DISTRIB_DESCRIPTION="Ubuntu 16.04 LTS"

uname:Linux 4.4.0-59-generic #80-Ubuntu SMP Fri Jan 6 17:47:47 UTC 2017 x86_64
libc:glibc 2.23 NPTL 2.23 
rlimit: STACK 8192k, CORE 0k, NPROC 15292, NOFILE 65536, AS infinity
load average:0.16 0.41 0.40

/proc/meminfo:
MemTotal:        3953188 kB
MemFree:          113608 kB
MemAvailable:      95828 kB
Buffers:           19184 kB
Cached:           390252 kB
SwapCached:        39476 kB
Active:          2795016 kB
Inactive:         825228 kB
Active(anon):    2702700 kB
Inactive(anon):   754736 kB
Active(file):      92316 kB
Inactive(file):    70492 kB
Unevictable:         184 kB
Mlocked:             184 kB
SwapTotal:       1998844 kB
SwapFree:          22644 kB
Dirty:               328 kB
Writeback:             0 kB
AnonPages:       3173236 kB
Mapped:           152728 kB
Shmem:            246756 kB
Slab:              89236 kB
SReclaimable:      43976 kB
SUnreclaim:        45260 kB
KernelStack:       12896 kB
PageTables:        60816 kB
NFS_Unstable:          0 kB
Bounce:                0 kB
WritebackTmp:          0 kB
CommitLimit:     3975436 kB
Committed_AS:   10943092 kB
VmallocTotal:   34359738367 kB
VmallocUsed:           0 kB
VmallocChunk:          0 kB
HardwareCorrupted:     0 kB
AnonHugePages:   1173504 kB
CmaTotal:              0 kB
CmaFree:               0 kB
HugePages_Total:       0
HugePages_Free:        0
HugePages_Rsvd:        0
HugePages_Surp:        0
Hugepagesize:       2048 kB
DirectMap4k:      214100 kB
DirectMap2M:     3889152 kB


CPU:total 4 (2 cores per cpu, 2 threads per core) family 6 model 42 stepping 7, cmov, cx8, fxsr, mmx, sse, sse2, sse3, ssse3, sse4.1, sse4.2, popcnt, avx, aes, clmul, ht, tsc, tscinvbit

/proc/cpuinfo:
processor	: 0
vendor_id	: GenuineIntel
cpu family	: 6
model		: 42
model name	: Intel(R) Core(TM) i5-2430M CPU @ 2.40GHz
stepping	: 7
microcode	: 0x29
cpu MHz		: 1155.750
cache size	: 3072 KB
physical id	: 0
siblings	: 4
core id		: 0
cpu cores	: 2
apicid		: 0
initial apicid	: 0
fpu		: yes
fpu_exception	: yes
cpuid level	: 13
wp		: yes
flags		: fpu vme de pse tsc msr pae mce cx8 apic sep mtrr pge mca cmov pat pse36 clflush dts acpi mmx fxsr sse sse2 ss ht tm pbe syscall nx rdtscp lm constant_tsc arch_perfmon pebs bts rep_good nopl xtopology nonstop_tsc aperfmperf eagerfpu pni pclmulqdq dtes64 monitor ds_cpl vmx est tm2 ssse3 cx16 xtpr pdcm pcid sse4_1 sse4_2 x2apic popcnt tsc_deadline_timer aes xsave avx lahf_lm epb tpr_shadow vnmi flexpriority ept vpid xsaveopt dtherm ida arat pln pts
bugs		:
bogomips	: 4789.38
clflush size	: 64
cache_alignment	: 64
address sizes	: 36 bits physical, 48 bits virtual
power management:

processor	: 1
vendor_id	: GenuineIntel
cpu family	: 6
model		: 42
model name	: Intel(R) Core(TM) i5-2430M CPU @ 2.40GHz
stepping	: 7
microcode	: 0x29
cpu MHz		: 1194.281
cache size	: 3072 KB
physical id	: 0
siblings	: 4
core id		: 1
cpu cores	: 2
apicid		: 2
initial apicid	: 2
fpu		: yes
fpu_exception	: yes
cpuid level	: 13
wp		: yes
flags		: fpu vme de pse tsc msr pae mce cx8 apic sep mtrr pge mca cmov pat pse36 clflush dts acpi mmx fxsr sse sse2 ss ht tm pbe syscall nx rdtscp lm constant_tsc arch_perfmon pebs bts rep_good nopl xtopology nonstop_tsc aperfmperf eagerfpu pni pclmulqdq dtes64 monitor ds_cpl vmx est tm2 ssse3 cx16 xtpr pdcm pcid sse4_1 sse4_2 x2apic popcnt tsc_deadline_timer aes xsave avx lahf_lm epb tpr_shadow vnmi flexpriority ept vpid xsaveopt dtherm ida arat pln pts
bugs		:
bogomips	: 4789.38
clflush size	: 64
cache_alignment	: 64
address sizes	: 36 bits physical, 48 bits virtual
power management:

processor	: 2
vendor_id	: GenuineIntel
cpu family	: 6
model		: 42
model name	: Intel(R) Core(TM) i5-2430M CPU @ 2.40GHz
stepping	: 7
microcode	: 0x29
cpu MHz		: 1104.468
cache size	: 3072 KB
physical id	: 0
siblings	: 4
core id		: 0
cpu cores	: 2
apicid		: 1
initial apicid	: 1
fpu		: yes
fpu_exception	: yes
cpuid level	: 13
wp		: yes
flags		: fpu vme de pse tsc msr pae mce cx8 apic sep mtrr pge mca cmov pat pse36 clflush dts acpi mmx fxsr sse sse2 ss ht tm pbe syscall nx rdtscp lm constant_tsc arch_perfmon pebs bts rep_good nopl xtopology nonstop_tsc aperfmperf eagerfpu pni pclmulqdq dtes64 monitor ds_cpl vmx est tm2 ssse3 cx16 xtpr pdcm pcid sse4_1 sse4_2 x2apic popcnt tsc_deadline_timer aes xsave avx lahf_lm epb tpr_shadow vnmi flexpriority ept vpid xsaveopt dtherm ida arat pln pts
bugs		:
bogomips	: 4789.38
clflush size	: 64
cache_alignment	: 64
address sizes	: 36 bits physical, 48 bits virtual
power management:

processor	: 3
vendor_id	: GenuineIntel
cpu family	: 6
model		: 42
model name	: Intel(R) Core(TM) i5-2430M CPU @ 2.40GHz
stepping	: 7
microcode	: 0x29
cpu MHz		: 1051.312
cache size	: 3072 KB
physical id	: 0
siblings	: 4
core id		: 1
cpu cores	: 2
apicid		: 3
initial apicid	: 3
fpu		: yes
fpu_exception	: yes
cpuid level	: 13
wp		: yes
flags		: fpu vme de pse tsc msr pae mce cx8 apic sep mtrr pge mca cmov pat pse36 clflush dts acpi mmx fxsr sse sse2 ss ht tm pbe syscall nx rdtscp lm constant_tsc arch_perfmon pebs bts rep_good nopl xtopology nonstop_tsc aperfmperf eagerfpu pni pclmulqdq dtes64 monitor ds_cpl vmx est tm2 ssse3 cx16 xtpr pdcm pcid sse4_1 sse4_2 x2apic popcnt tsc_deadline_timer aes xsave avx lahf_lm epb tpr_shadow vnmi flexpriority ept vpid xsaveopt dtherm ida arat pln pts
bugs		:
bogomips	: 4789.38
clflush size	: 64
cache_alignment	: 64
address sizes	: 36 bits physical, 48 bits virtual
power management:



Memory: 4k page, physical 3953188k(113608k free), swap 1998844k(22644k free)

vm_info: Java HotSpot(TM) 64-Bit Server VM (25.111-b14) for linux-amd64 JRE (1.8.0_111-b14), built on Sep 22 2016 16:14:03 by "java_re" with gcc 4.3.0 20080428 (Red Hat 4.3.0-8)

time: Thu Jan 19 17:42:38 2017
elapsed time: 0 seconds (0d 0h 0m 0s)

